stryker/build/outputs/logs/manifest-merger-debug-report.txt
-- Merging decision tree log ---
manifest
ADDED from src\main\AndroidManifest.xml:2:1-301:12
	package
		ADDED from src\main\AndroidManifest.xml:3:5-30
		INJECTED from src\main\AndroidManifest.xml
		INJECTED from src\main\AndroidManifest.xml
	android:versionName
		ADDED from src\main\AndroidManifest.xml:5:5-32
		INJECTED from src\main\AndroidManifest.xml
		INJECTED from src\main\AndroidManifest.xml
	android:versionCode
		ADDED from src\main\AndroidManifest.xml:4:5-29
		INJECTED from src\main\AndroidManifest.xml
		INJECTED from src\main\AndroidManifest.xml
	xmlns:android
		ADDED from src\main\AndroidManifest.xml:2:11-69
uses-permission#android.permission.ACCESS_NETWORK_STATE
ADDED from src\main\AndroidManifest.xml:7:5-79
MERGED from [com.google.android.gms:play-services-ads-lite:10.0.1] AndroidManifest.xml:20:5-78
MERGED from [com.google.android.gms:play-services-analytics:10.0.1] AndroidManifest.xml:21:5-78
MERGED from [com.google.android.gms:play-services-nearby:10.0.1] AndroidManifest.xml:4:5-78
MERGED from [com.google.android.gms:play-services-tagmanager-api:10.0.1] AndroidManifest.xml:21:5-78
MERGED from [com.google.firebase:firebase-analytics:10.0.1] AndroidManifest.xml:21:5-78
MERGED from [com.google.firebase:firebase-analytics-impl:10.0.1] AndroidManifest.xml:21:5-78
MERGED from [com.google.firebase:firebase-iid:10.0.1] AndroidManifest.xml:19:5-78
MERGED from [com.google.android.gms:play-services-analytics-impl:10.0.1] AndroidManifest.xml:21:5-78
MERGED from [com.google.android.gms:play-services-maps:10.0.1] AndroidManifest.xml:19:5-78
	android:name
		ADDED from src\main\AndroidManifest.xml:7:22-76
uses-permission#android.permission.READ_PHONE_STATE
ADDED from src\main\AndroidManifest.xml:8:5-75
	android:name
		ADDED from src\main\AndroidManifest.xml:8:22-72
uses-permission#android.permission.ACCESS_WIFI_STATE
ADDED from src\main\AndroidManifest.xml:9:5-76
	android:name
		ADDED from src\main\AndroidManifest.xml:9:22-73
uses-permission#android.permission.INTERNET
ADDED from src\main\AndroidManifest.xml:10:5-67
MERGED from [com.google.android.gms:play-services-ads-lite:10.0.1] AndroidManifest.xml:19:5-66
MERGED from [com.google.android.gms:play-services-analytics:10.0.1] AndroidManifest.xml:20:5-66
MERGED from [com.google.android.gms:play-services-appinvite:10.0.1] AndroidManifest.xml:18:5-66
MERGED from [com.google.firebase:firebase-crash:10.0.1] AndroidManifest.xml:18:5-66
MERGED from [com.google.android.gms:play-services-gcm:10.0.1] AndroidManifest.xml:21:5-66
MERGED from [com.google.android.gms:play-services-iid:10.0.1] AndroidManifest.xml:21:5-66
MERGED from [com.google.android.gms:play-services-tagmanager-api:10.0.1] AndroidManifest.xml:20:5-66
MERGED from [com.google.firebase:firebase-analytics:10.0.1] AndroidManifest.xml:20:5-66
MERGED from [com.google.firebase:firebase-analytics-impl:10.0.1] AndroidManifest.xml:20:5-66
MERGED from [com.google.firebase:firebase-iid:10.0.1] AndroidManifest.xml:20:5-66
MERGED from [com.google.android.gms:play-services-analytics-impl:10.0.1] AndroidManifest.xml:20:5-66
MERGED from [com.google.android.gms:play-services-maps:10.0.1] AndroidManifest.xml:20:5-66
	android:name
		ADDED from src\main\AndroidManifest.xml:10:22-64
uses-permission#android.permission.ACCESS_COARSE_LOCATION
ADDED from src\main\AndroidManifest.xml:11:5-81
	android:name
		ADDED from src\main\AndroidManifest.xml:11:22-78
uses-permission#android.permission.ACCESS_FINE_LOCATION
ADDED from src\main\AndroidManifest.xml:12:5-79
	android:name
		ADDED from src\main\AndroidManifest.xml:12:22-76
uses-permission#android.permission.CAMERA
ADDED from src\main\AndroidManifest.xml:13:5-65
	android:name
		ADDED from src\main\AndroidManifest.xml:13:22-62
uses-permission#android.permission.GET_ACCOUNTS
ADDED from src\main\AndroidManifest.xml:14:5-71
	android:name
		ADDED from src\main\AndroidManifest.xml:14:22-68
uses-permission#android.permission.USE_CREDENTIALS
ADDED from src\main\AndroidManifest.xml:15:5-74
	android:name
		ADDED from src\main\AndroidManifest.xml:15:22-71
uses-permission#android.permission.READ_EXTERNAL_STORAGE
ADDED from src\main\AndroidManifest.xml:16:5-80
	android:name
		ADDED from src\main\AndroidManifest.xml:16:22-77
uses-permission#android.permission.WRITE_EXTERNAL_STORAGE
ADDED from src\main\AndroidManifest.xml:17:5-81
	android:name
		ADDED from src\main\AndroidManifest.xml:17:22-78
uses-permission#android.permission.RECEIVE_SMS
ADDED from src\main\AndroidManifest.xml:18:5-70
	android:name
		ADDED from src\main\AndroidManifest.xml:18:22-67
uses-permission#android.permission.READ_SMS
ADDED from src\main\AndroidManifest.xml:19:5-67
	android:name
		ADDED from src\main\AndroidManifest.xml:19:22-64
uses-permission#android.permission.SEND_SMS
ADDED from src\main\AndroidManifest.xml:20:5-67
	android:name
		ADDED from src\main\AndroidManifest.xml:20:22-64
uses-permission#com.google.android.providers.gsf.permission.READ_GSERVICES
ADDED from src\main\AndroidManifest.xml:21:5-98
	android:name
		ADDED from src\main\AndroidManifest.xml:21:22-95
uses-permission#android.permission.READ_CONTACTS
ADDED from src\main\AndroidManifest.xml:22:5-72
	android:name
		ADDED from src\main\AndroidManifest.xml:22:22-69
permission#com.quickblox.simplesample.messages.permission.C2D_MESSAGE
ADDED from src\main\AndroidManifest.xml:24:5-26:47
	android:protectionLevel
		ADDED from src\main\AndroidManifest.xml:26:9-44
	android:name
		ADDED from src\main\AndroidManifest.xml:25:9-82
uses-permission#com.quickblox.simplesample.messages.permission.C2D_MESSAGE
ADDED from src\main\AndroidManifest.xml:28:5-98
	android:name
		ADDED from src\main\AndroidManifest.xml:28:22-95
uses-permission#com.google.android.c2dm.permission.RECEIVE
ADDED from src\main\AndroidManifest.xml:32:5-82
MERGED from [com.google.android.gms:play-services-gcm:10.0.1] AndroidManifest.xml:20:5-81
MERGED from [com.google.android.gms:play-services-iid:10.0.1] AndroidManifest.xml:20:5-81
MERGED from [com.google.firebase:firebase-iid:10.0.1] AndroidManifest.xml:22:5-81
	android:name
		ADDED from src\main\AndroidManifest.xml:32:22-79
uses-permission#android.permission.WAKE_LOCK
ADDED from src\main\AndroidManifest.xml:36:5-68
MERGED from [com.google.android.gms:play-services-analytics:10.0.1] AndroidManifest.xml:24:5-67
MERGED from [com.google.firebase:firebase-analytics:10.0.1] AndroidManifest.xml:22:5-67
MERGED from [com.google.firebase:firebase-analytics-impl:10.0.1] AndroidManifest.xml:22:5-67
MERGED from [com.google.firebase:firebase-iid:10.0.1] AndroidManifest.xml:21:5-67
MERGED from [com.google.android.gms:play-services-analytics-impl:10.0.1] AndroidManifest.xml:24:5-67
	android:name
		ADDED from src\main\AndroidManifest.xml:36:22-65
uses-feature#0x00020000
ADDED from src\main\AndroidManifest.xml:38:5-40:35
MERGED from [com.google.android.gms:play-services-maps:10.0.1] AndroidManifest.xml:21:5-77
	android:glEsVersion
		ADDED from src\main\AndroidManifest.xml:39:9-41
	android:required
		ADDED from src\main\AndroidManifest.xml:40:9-32
meta-data#com.facebook.sdk.ApplicationId
ADDED from src\main\AndroidManifest.xml:42:5-44:43
	android:value
		ADDED from src\main\AndroidManifest.xml:44:9-40
	android:name
		ADDED from src\main\AndroidManifest.xml:43:9-54
application
ADDED from src\main\AndroidManifest.xml:46:5-299:19
MERGED from [Stryker_Buyer:pulltorefresh:unspecified] AndroidManifest.xml:9:5-20
MERGED from [com.android.support:design:23.1.1] AndroidManifest.xml:22:5-20
MERGED from [com.google.android.gms:play-services:10.0.1] AndroidManifest.xml:5:5-20
MERGED from [com.google.android.gms:play-services-ads-lite:10.0.1] AndroidManifest.xml:23:5-27:19
MERGED from [com.google.android.gms:play-services-analytics:10.0.1] AndroidManifest.xml:26:5-19
MERGED from [com.google.android.gms:play-services-appinvite:10.0.1] AndroidManifest.xml:19:5-26:19
MERGED from [com.google.android.gms:play-services-auth:10.0.1] AndroidManifest.xml:19:5-25:19
MERGED from [com.google.android.gms:play-services-cast-framework:10.0.1] AndroidManifest.xml:4:5-8:19
MERGED from [com.google.android.gms:play-services-cast:10.0.1] AndroidManifest.xml:18:5-19
MERGED from [com.android.support:mediarouter-v7:24.0.0] AndroidManifest.xml:22:5-20
MERGED from [com.android.support:palette-v7:24.0.0] AndroidManifest.xml:22:5-23:19
MERGED from [com.android.support:appcompat-v7:24.0.0] AndroidManifest.xml:25:5-20
MERGED from [com.android.support:animated-vector-drawable:24.0.0] AndroidManifest.xml:22:5-20
MERGED from [com.android.support:support-vector-drawable:24.0.0] AndroidManifest.xml:23:5-20
MERGED from [com.google.android.gms:play-services-clearcut:10.0.1] AndroidManifest.xml:18:5-19
MERGED from [com.google.firebase:firebase-config:10.0.1] AndroidManifest.xml:18:5-19
MERGED from [com.google.android.gms:play-services-awareness:10.0.1] AndroidManifest.xml:18:5-19
MERGED from [com.google.firebase:firebase-crash:10.0.1] AndroidManifest.xml:22:5-23:19
MERGED from [com.google.firebase:firebase-auth:10.0.1] AndroidManifest.xml:19:5-20:19
MERGED from [com.google.firebase:firebase-messaging:10.0.1] AndroidManifest.xml:19:5-29:19
MERGED from [com.google.android.gms:play-services-fitness:10.0.1] AndroidManifest.xml:18:5-19
MERGED from [com.google.android.gms:play-services-games:10.0.1] AndroidManifest.xml:18:5-19
MERGED from [com.google.android.gms:play-services-drive:10.0.1] AndroidManifest.xml:18:5-19
MERGED from [com.google.android.gms:play-services-gass:10.0.1] AndroidManifest.xml:4:5-19
MERGED from [com.google.android.gms:play-services-gcm:10.0.1] AndroidManifest.xml:23:5-19
MERGED from [com.google.firebase:firebase-appindexing:10.0.1] AndroidManifest.xml:18:5-19
MERGED from [com.google.android.gms:play-services-iid:10.0.1] AndroidManifest.xml:23:5-19
MERGED from [com.google.android.gms:play-services-location:10.0.1] AndroidManifest.xml:4:5-19
MERGED from [com.google.android.gms:play-services-nearby:10.0.1] AndroidManifest.xml:5:5-19
MERGED from [com.google.android.gms:play-services-panorama:10.0.1] AndroidManifest.xml:18:5-19
MERGED from [com.google.android.gms:play-services-places:10.0.1] AndroidManifest.xml:18:5-19
MERGED from [com.google.android.gms:play-services-plus:10.0.1] AndroidManifest.xml:18:5-19
MERGED from [com.google.android.gms:play-services-safetynet:10.0.1] AndroidManifest.xml:18:5-19
MERGED from [com.google.android.gms:play-services-tagmanager-api:10.0.1] AndroidManifest.xml:23:5-33:19
MERGED from [com.google.firebase:firebase-analytics:10.0.1] AndroidManifest.xml:24:5-33:19
MERGED from [com.google.firebase:firebase-analytics-impl:10.0.1] AndroidManifest.xml:24:5-28:19
MERGED from [com.google.firebase:firebase-iid:10.0.1] AndroidManifest.xml:28:5-50:19
MERGED from [com.google.firebase:firebase-common:10.0.1] AndroidManifest.xml:4:5-7:19
MERGED from [com.google.android.gms:play-services-tagmanager-v4-impl:10.0.1] AndroidManifest.xml:19:5-19
MERGED from [com.google.android.gms:play-services-analytics-impl:10.0.1] AndroidManifest.xml:26:5-19
MERGED from [com.google.android.gms:play-services-vision:10.0.1] AndroidManifest.xml:4:5-19
MERGED from [com.google.android.gms:play-services-identity:10.0.1] AndroidManifest.xml:18:5-19
MERGED from [com.google.android.gms:play-services-maps:10.0.1] AndroidManifest.xml:24:5-19
MERGED from [com.google.android.gms:play-services-wearable:10.0.1] AndroidManifest.xml:18:5-19
MERGED from [com.google.android.gms:play-services-base:10.0.1] AndroidManifest.xml:18:5-20:19
MERGED from [com.google.android.gms:play-services-tasks:10.0.1] AndroidManifest.xml:4:5-19
MERGED from [com.google.android.gms:play-services-basement:10.0.1] AndroidManifest.xml:19:5-21:19
MERGED from [me.neavo:volley:2014.12.09] AndroidManifest.xml:11:5-47
MERGED from [com.android.support:support-v4:24.0.0] AndroidManifest.xml:25:5-20
MERGED from [com.android.support:cardview-v7:22.0.0] AndroidManifest.xml:22:5-20
	android:screenOrientation
		ADDED from src\main\AndroidManifest.xml:54:9-45
	android:label
		ADDED from src\main\AndroidManifest.xml:52:9-41
	android:hardwareAccelerated
		ADDED from src\main\AndroidManifest.xml:50:9-44
	android:allowBackup
		ADDED from src\main\AndroidManifest.xml:48:9-35
	android:icon
		ADDED from src\main\AndroidManifest.xml:51:9-46
	android:largeHeap
		ADDED from src\main\AndroidManifest.xml:53:9-33
	android:theme
		ADDED from src\main\AndroidManifest.xml:55:9-40
	android:name
		ADDED from src\main\AndroidManifest.xml:47:9-75
receiver#com.app.receiver.ReferrerCatcher
ADDED from src\main\AndroidManifest.xml:57:9-63:20
	android:exported
		ADDED from src\main\AndroidManifest.xml:59:13-36
	android:name
		ADDED from src\main\AndroidManifest.xml:58:13-60
intent-filter#com.android.vending.INSTALL_REFERRER
ADDED from src\main\AndroidManifest.xml:60:13-62:29
action#com.android.vending.INSTALL_REFERRER
ADDED from src\main\AndroidManifest.xml:61:17-86
	android:name
		ADDED from src\main\AndroidManifest.xml:61:25-76
meta-data#com.google.android.gms.version
ADDED from src\main\AndroidManifest.xml:64:9-66:69
MERGED from [com.google.android.gms:play-services-basement:10.0.1] AndroidManifest.xml:20:9-121
	android:value
		ADDED from src\main\AndroidManifest.xml:66:13-66
	android:name
		ADDED from src\main\AndroidManifest.xml:65:13-58
activity#com.app.stryker.SplashActivity
ADDED from src\main\AndroidManifest.xml:68:9-77:20
	android:screenOrientation
		ADDED from src\main\AndroidManifest.xml:71:13-49
	android:label
		ADDED from src\main\AndroidManifest.xml:70:13-45
	android:name
		ADDED from src\main\AndroidManifest.xml:69:13-43
intent-filter#android.intent.action.MAIN+android.intent.category.LAUNCHER
ADDED from src\main\AndroidManifest.xml:72:13-76:29
action#android.intent.action.MAIN
ADDED from src\main\AndroidManifest.xml:73:17-69
	android:name
		ADDED from src\main\AndroidManifest.xml:73:25-66
category#android.intent.category.LAUNCHER
ADDED from src\main\AndroidManifest.xml:75:17-77
	android:name
		ADDED from src\main\AndroidManifest.xml:75:27-74
meta-data#io.fabric.ApiKey
ADDED from src\main\AndroidManifest.xml:79:9-81:72
	android:value
		ADDED from src\main\AndroidManifest.xml:81:13-69
	android:name
		ADDED from src\main\AndroidManifest.xml:80:13-44
activity#com.app.stryker.LoginActivity
ADDED from src\main\AndroidManifest.xml:83:9-96:20
	android:screenOrientation
		ADDED from src\main\AndroidManifest.xml:86:13-49
	android:label
		ADDED from src\main\AndroidManifest.xml:85:13-45
	android:windowSoftInputMode
		ADDED from src\main\AndroidManifest.xml:88:13-67
	android:theme
		ADDED from src\main\AndroidManifest.xml:87:13-69
	android:name
		ADDED from src\main\AndroidManifest.xml:84:13-42
intent-filter#android.intent.action.VIEW+android.intent.category.BROWSABLE+android.intent.category.DEFAULT
ADDED from src\main\AndroidManifest.xml:89:13-94:29
action#android.intent.action.VIEW
ADDED from src\main\AndroidManifest.xml:90:17-69
	android:name
		ADDED from src\main\AndroidManifest.xml:90:25-66
category#android.intent.category.DEFAULT
ADDED from src\main\AndroidManifest.xml:92:17-76
	android:name
		ADDED from src\main\AndroidManifest.xml:92:27-73
category#android.intent.category.BROWSABLE
ADDED from src\main\AndroidManifest.xml:93:17-78
	android:name
		ADDED from src\main\AndroidManifest.xml:93:27-75
activity#com.app.stryker.SignUpActivity
ADDED from src\main\AndroidManifest.xml:97:9-102:70
	android:screenOrientation
		ADDED from src\main\AndroidManifest.xml:100:13-49
	android:label
		ADDED from src\main\AndroidManifest.xml:99:13-45
	android:windowSoftInputMode
		ADDED from src\main\AndroidManifest.xml:102:13-67
	android:theme
		ADDED from src\main\AndroidManifest.xml:101:13-69
	android:name
		ADDED from src\main\AndroidManifest.xml:98:13-43
activity#com.app.stryker.ForgotPasswordActivity
ADDED from src\main\AndroidManifest.xml:103:9-108:70
	android:screenOrientation
		ADDED from src\main\AndroidManifest.xml:106:13-49
	android:label
		ADDED from src\main\AndroidManifest.xml:105:13-45
	android:windowSoftInputMode
		ADDED from src\main\AndroidManifest.xml:108:13-67
	android:theme
		ADDED from src\main\AndroidManifest.xml:107:13-69
	android:name
		ADDED from src\main\AndroidManifest.xml:104:13-51
service#com.app.service.OnClearFromRecentService
ADDED from src\main\AndroidManifest.xml:111:9-113:44
	android:stopWithTask
		ADDED from src\main\AndroidManifest.xml:113:13-41
	android:name
		ADDED from src\main\AndroidManifest.xml:112:13-68
activity#com.app.stryker.HomeActivity
ADDED from src\main\AndroidManifest.xml:115:9-120:67
	android:screenOrientation
		ADDED from src\main\AndroidManifest.xml:118:13-49
	android:label
		ADDED from src\main\AndroidManifest.xml:117:13-45
	android:windowSoftInputMode
		ADDED from src\main\AndroidManifest.xml:120:13-64
	android:theme
		ADDED from src\main\AndroidManifest.xml:119:13-69
	android:name
		ADDED from src\main\AndroidManifest.xml:116:13-41
activity#com.app.stryker.SearchStoreToAddActivity
ADDED from src\main\AndroidManifest.xml:121:9-126:67
	android:screenOrientation
		ADDED from src\main\AndroidManifest.xml:124:13-49
	android:label
		ADDED from src\main\AndroidManifest.xml:123:13-45
	android:windowSoftInputMode
		ADDED from src\main\AndroidManifest.xml:126:13-64
	android:theme
		ADDED from src\main\AndroidManifest.xml:125:13-69
	android:name
		ADDED from src\main\AndroidManifest.xml:122:13-53
activity#com.app.stryker.ProductListActivity
ADDED from src\main\AndroidManifest.xml:127:9-132:70
	android:screenOrientation
		ADDED from src\main\AndroidManifest.xml:130:13-49
	android:label
		ADDED from src\main\AndroidManifest.xml:129:13-45
	android:windowSoftInputMode
		ADDED from src\main\AndroidManifest.xml:132:13-67
	android:theme
		ADDED from src\main\AndroidManifest.xml:131:13-69
	android:name
		ADDED from src\main\AndroidManifest.xml:128:13-48
activity#com.app.stryker.SettingActivity
ADDED from src\main\AndroidManifest.xml:133:9-138:67
	android:screenOrientation
		ADDED from src\main\AndroidManifest.xml:136:13-49
	android:label
		ADDED from src\main\AndroidManifest.xml:135:13-45
	android:windowSoftInputMode
		ADDED from src\main\AndroidManifest.xml:138:13-64
	android:theme
		ADDED from src\main\AndroidManifest.xml:137:13-52
	android:name
		ADDED from src\main\AndroidManifest.xml:134:13-44
activity#com.app.stryker.Activity_pending
ADDED from src\main\AndroidManifest.xml:139:9-144:67
	android:screenOrientation
		ADDED from src\main\AndroidManifest.xml:142:13-49
	android:label
		ADDED from src\main\AndroidManifest.xml:141:13-45
	android:windowSoftInputMode
		ADDED from src\main\AndroidManifest.xml:144:13-64
	android:theme
		ADDED from src\main\AndroidManifest.xml:143:13-69
	android:name
		ADDED from src\main\AndroidManifest.xml:140:13-45
activity#com.app.stryker.ActivityNewAddress
ADDED from src\main\AndroidManifest.xml:145:9-150:70
	android:screenOrientation
		ADDED from src\main\AndroidManifest.xml:148:13-49
	android:label
		ADDED from src\main\AndroidManifest.xml:147:13-45
	android:windowSoftInputMode
		ADDED from src\main\AndroidManifest.xml:150:13-67
	android:theme
		ADDED from src\main\AndroidManifest.xml:149:13-69
	android:name
		ADDED from src\main\AndroidManifest.xml:146:13-47
activity#com.app.stryker.ActivityAddress
ADDED from src\main\AndroidManifest.xml:151:9-156:67
	android:screenOrientation
		ADDED from src\main\AndroidManifest.xml:154:13-49
	android:label
		ADDED from src\main\AndroidManifest.xml:153:13-45
	android:windowSoftInputMode
		ADDED from src\main\AndroidManifest.xml:156:13-64
	android:theme
		ADDED from src\main\AndroidManifest.xml:155:13-69
	android:name
		ADDED from src\main\AndroidManifest.xml:152:13-44
activity#com.app.stryker.CartActivity
ADDED from src\main\AndroidManifest.xml:157:9-162:67
	android:screenOrientation
		ADDED from src\main\AndroidManifest.xml:160:13-49
	android:label
		ADDED from src\main\AndroidManifest.xml:159:13-45
	android:windowSoftInputMode
		ADDED from src\main\AndroidManifest.xml:162:13-64
	android:theme
		ADDED from src\main\AndroidManifest.xml:161:13-69
	android:name
		ADDED from src\main\AndroidManifest.xml:158:13-41
activity#com.app.stryker.ActivityProductDetails
ADDED from src\main\AndroidManifest.xml:163:9-168:67
	android:screenOrientation
		ADDED from src\main\AndroidManifest.xml:166:13-49
	android:label
		ADDED from src\main\AndroidManifest.xml:165:13-45
	android:windowSoftInputMode
		ADDED from src\main\AndroidManifest.xml:168:13-64
	android:theme
		ADDED from src\main\AndroidManifest.xml:167:13-69
	android:name
		ADDED from src\main\AndroidManifest.xml:164:13-51
activity#com.app.stryker.NotificationActivity
ADDED from src\main\AndroidManifest.xml:169:9-174:67
	android:screenOrientation
		ADDED from src\main\AndroidManifest.xml:172:13-49
	android:label
		ADDED from src\main\AndroidManifest.xml:171:13-45
	android:windowSoftInputMode
		ADDED from src\main\AndroidManifest.xml:174:13-64
	android:theme
		ADDED from src\main\AndroidManifest.xml:173:13-69
	android:name
		ADDED from src\main\AndroidManifest.xml:170:13-49
activity#com.app.stryker.SellerVerificationActivity
ADDED from src\main\AndroidManifest.xml:175:9-180:67
	android:screenOrientation
		ADDED from src\main\AndroidManifest.xml:178:13-49
	android:label
		ADDED from src\main\AndroidManifest.xml:177:13-45
	android:windowSoftInputMode
		ADDED from src\main\AndroidManifest.xml:180:13-64
	android:theme
		ADDED from src\main\AndroidManifest.xml:179:13-69
	android:name
		ADDED from src\main\AndroidManifest.xml:176:13-55
activity#com.app.stryker.ActivityBusinessAccount
ADDED from src\main\AndroidManifest.xml:181:9-186:67
	android:screenOrientation
		ADDED from src\main\AndroidManifest.xml:184:13-49
	android:label
		ADDED from src\main\AndroidManifest.xml:183:13-45
	android:windowSoftInputMode
		ADDED from src\main\AndroidManifest.xml:186:13-64
	android:theme
		ADDED from src\main\AndroidManifest.xml:185:13-69
	android:name
		ADDED from src\main\AndroidManifest.xml:182:13-52
activity#com.quickblox.sample.chat.ui.activities.DialogsActivity
ADDED from src\main\AndroidManifest.xml:188:9-191:52
	android:screenOrientation
		ADDED from src\main\AndroidManifest.xml:191:13-49
	android:configChanges
		ADDED from src\main\AndroidManifest.xml:190:13-74
	android:name
		ADDED from src\main\AndroidManifest.xml:189:13-83
activity#com.quickblox.sample.chat.ui.activities.ChatActivity
ADDED from src\main\AndroidManifest.xml:192:9-197:58
	android:screenOrientation
		ADDED from src\main\AndroidManifest.xml:195:13-49
	android:windowSoftInputMode
		ADDED from src\main\AndroidManifest.xml:197:13-55
	android:configChanges
		ADDED from src\main\AndroidManifest.xml:194:13-74
	android:theme
		ADDED from src\main\AndroidManifest.xml:196:13-69
	android:name
		ADDED from src\main\AndroidManifest.xml:193:13-80
receiver#com.quickblox.sample.chat.pushnotifications.GcmBroadcastReceiver
ADDED from src\main\AndroidManifest.xml:199:9-208:20
	android:permission
		ADDED from src\main\AndroidManifest.xml:201:13-73
	android:name
		ADDED from src\main\AndroidManifest.xml:200:13-92
intent-filter#com.google.android.c2dm.intent.RECEIVE+com.google.android.c2dm.intent.REGISTRATION+com.quickblox.simplesample.messages
ADDED from src\main\AndroidManifest.xml:202:13-207:29
action#com.google.android.c2dm.intent.RECEIVE
ADDED from src\main\AndroidManifest.xml:203:17-81
	android:name
		ADDED from src\main\AndroidManifest.xml:203:25-78
action#com.google.android.c2dm.intent.REGISTRATION
ADDED from src\main\AndroidManifest.xml:204:17-86
	android:name
		ADDED from src\main\AndroidManifest.xml:204:25-83
category#com.quickblox.simplesample.messages
ADDED from src\main\AndroidManifest.xml:206:17-80
	android:name
		ADDED from src\main\AndroidManifest.xml:206:27-77
activity#com.app.stryker.ImageviewonfullscreenActivity
ADDED from src\main\AndroidManifest.xml:228:9-230:76
	android:label
		ADDED from src\main\AndroidManifest.xml:230:13-73
	android:name
		ADDED from src\main\AndroidManifest.xml:229:13-58
activity#com.app.stryker.Generalstore_list_new
ADDED from src\main\AndroidManifest.xml:231:9-233:52
	android:screenOrientation
		ADDED from src\main\AndroidManifest.xml:233:13-49
	android:name
		ADDED from src\main\AndroidManifest.xml:232:13-50
activity#com.app.stryker.SearchActivityNew
ADDED from src\main\AndroidManifest.xml:234:9-236:52
	android:screenOrientation
		ADDED from src\main\AndroidManifest.xml:236:13-49
	android:name
		ADDED from src\main\AndroidManifest.xml:235:13-46
activity#com.app.stryker.SelectCity
ADDED from src\main\AndroidManifest.xml:237:9-243:20
	android:screenOrientation
		ADDED from src\main\AndroidManifest.xml:239:13-49
	android:theme
		ADDED from src\main\AndroidManifest.xml:240:13-69
	android:name
		ADDED from src\main\AndroidManifest.xml:238:13-39
activity#com.app.stryker.SellerVerificationActivityNew
ADDED from src\main\AndroidManifest.xml:244:9-246:52
	android:screenOrientation
		ADDED from src\main\AndroidManifest.xml:246:13-49
	android:name
		ADDED from src\main\AndroidManifest.xml:245:13-58
activity#com.app.stryker.ForgotPhoneActivity
ADDED from src\main\AndroidManifest.xml:247:9-249:52
	android:screenOrientation
		ADDED from src\main\AndroidManifest.xml:249:13-49
	android:name
		ADDED from src\main\AndroidManifest.xml:248:13-48
activity#com.app.stryker.InviteandEarn
ADDED from src\main\AndroidManifest.xml:250:9-253:52
	android:screenOrientation
		ADDED from src\main\AndroidManifest.xml:253:13-49
	android:windowSoftInputMode
		ADDED from src\main\AndroidManifest.xml:252:13-60
	android:name
		ADDED from src\main\AndroidManifest.xml:251:13-42
activity#com.app.stryker.Contact
ADDED from src\main\AndroidManifest.xml:254:9-265:20
	android:screenOrientation
		ADDED from src\main\AndroidManifest.xml:258:13-49
	android:label
		ADDED from src\main\AndroidManifest.xml:257:13-59
	android:windowSoftInputMode
		ADDED from src\main\AndroidManifest.xml:256:13-60
	android:theme
		ADDED from src\main\AndroidManifest.xml:259:13-56
	android:name
		ADDED from src\main\AndroidManifest.xml:255:13-36
meta-data#android.app.default_searchable
ADDED from src\main\AndroidManifest.xml:262:13-264:65
	android:value
		ADDED from src\main\AndroidManifest.xml:264:17-62
	android:name
		ADDED from src\main\AndroidManifest.xml:263:17-62
activity#com.app.stryker.SearchResultsActivityContact
ADDED from src\main\AndroidManifest.xml:268:9-282:20
	android:screenOrientation
		ADDED from src\main\AndroidManifest.xml:271:13-49
	android:label
		ADDED from src\main\AndroidManifest.xml:270:13-66
	android:launchMode
		ADDED from src\main\AndroidManifest.xml:272:13-43
	android:name
		ADDED from src\main\AndroidManifest.xml:269:13-57
intent-filter#android.intent.action.SEARCH
ADDED from src\main\AndroidManifest.xml:274:13-276:29
action#android.intent.action.SEARCH
ADDED from src\main\AndroidManifest.xml:275:17-71
	android:name
		ADDED from src\main\AndroidManifest.xml:275:25-68
meta-data#android.app.searchable
ADDED from src\main\AndroidManifest.xml:278:13-280:54
	android:resource
		ADDED from src\main\AndroidManifest.xml:280:17-51
	android:name
		ADDED from src\main\AndroidManifest.xml:279:17-54
activity#com.app.stryker.BaseActivity
ADDED from src\main\AndroidManifest.xml:283:9-50
	android:name
		ADDED from src\main\AndroidManifest.xml:283:19-47
service#com.app.stryker.MyFirebaseMessagingService
ADDED from src\main\AndroidManifest.xml:285:9-290:19
	android:name
		ADDED from src\main\AndroidManifest.xml:286:13-55
intent-filter#com.google.firebase.MESSAGING_EVENT
ADDED from src\main\AndroidManifest.xml:287:13-289:29
action#com.google.firebase.MESSAGING_EVENT
ADDED from src\main\AndroidManifest.xml:288:17-77
	android:name
		ADDED from src\main\AndroidManifest.xml:288:25-75
service#com.app.firebase.MyFirebaseInstanceIDService
ADDED from src\main\AndroidManifest.xml:292:9-297:19
	android:name
		ADDED from src\main\AndroidManifest.xml:293:13-72
intent-filter#com.google.firebase.INSTANCE_ID_EVENT
ADDED from src\main\AndroidManifest.xml:294:13-296:29
action#com.google.firebase.INSTANCE_ID_EVENT
ADDED from src\main\AndroidManifest.xml:295:17-79
	android:name
		ADDED from src\main\AndroidManifest.xml:295:25-77
uses-sdk
INJECTED from src\main\AndroidManifest.xml reason: use-sdk injection requested
MERGED from [com.android.support:multidex:1.0.1] AndroidManifest.xml:18:5-42
MERGED from [Stryker_Buyer:pulltorefresh:unspecified] AndroidManifest.xml:7:5-43
MERGED from [com.android.support:design:23.1.1] AndroidManifest.xml:20:5-43
MERGED from [com.google.android.gms:play-services:10.0.1] AndroidManifest.xml:4:5-42
MERGED from [com.google.android.gms:play-services-ads:10.0.1] AndroidManifest.xml:17:5-42
MERGED from [com.google.android.gms:play-services-ads-lite:10.0.1] AndroidManifest.xml:22:5-42
MERGED from [com.google.android.gms:play-services-analytics:10.0.1] AndroidManifest.xml:17:5-42
MERGED from [com.google.android.gms:play-services-appinvite:10.0.1] AndroidManifest.xml:17:5-42
MERGED from [com.google.android.gms:play-services-auth:10.0.1] AndroidManifest.xml:17:5-42
MERGED from [com.google.android.gms:play-services-auth-base:10.0.1] AndroidManifest.xml:4:5-42
MERGED from [com.google.android.gms:play-services-cast-framework:10.0.1] AndroidManifest.xml:3:5-42
MERGED from [com.google.android.gms:play-services-cast:10.0.1] AndroidManifest.xml:17:5-42
MERGED from [com.android.support:mediarouter-v7:24.0.0] AndroidManifest.xml:20:5-43
MERGED from [com.android.support:palette-v7:24.0.0] AndroidManifest.xml:20:5-43
MERGED from [com.android.support:appcompat-v7:24.0.0] AndroidManifest.xml:21:5-23:78
MERGED from [com.android.support:animated-vector-drawable:24.0.0] AndroidManifest.xml:20:5-44
MERGED from [com.android.support:support-vector-drawable:24.0.0] AndroidManifest.xml:21:5-43
MERGED from [com.google.android.gms:play-services-clearcut:10.0.1] AndroidManifest.xml:17:5-42
MERGED from [com.google.firebase:firebase-config:10.0.1] AndroidManifest.xml:17:5-42
MERGED from [com.google.android.gms:play-services-awareness:10.0.1] AndroidManifest.xml:17:5-42
MERGED from [com.google.firebase:firebase-crash:10.0.1] AndroidManifest.xml:20:5-42